<?xml version="1.0" encoding="UTF-8"?>
<testng-results ignored="0" total="2" passed="2" failed="0" skipped="0">
  <reporter-output>
  </reporter-output>
  <suite started-at="2021-06-23T15:52:40 IST" name="Suite" finished-at="2021-06-23T15:53:14 IST" duration-ms="34035">
    <groups>
    </groups>
    <test started-at="2021-06-23T15:52:40 IST" name="ChromeTest" finished-at="2021-06-23T15:52:55 IST" duration-ms="14763">
      <class name="zerodha.com.test.classes.Scenario4.Zerodha_TestClass1">
        <test-method is-config="true" signature="launchBrowser(java.lang.String)[pri:0, instance:zerodha.com.test.classes.Scenario4.Zerodha_TestClass1@783a467b]" started-at="2021-06-23T15:52:40 IST" name="launchBrowser" finished-at="2021-06-23T15:52:42 IST" duration-ms="1973" status="PASS">
          <params>
            <param index="0">
              <value>
                <![CDATA[Chrome]]>
              </value>
            </param>
          </params>
          <reporter-output>
          </reporter-output>
        </test-method> <!-- launchBrowser -->
        <test-method is-config="true" signature="creatObject()[pri:0, instance:zerodha.com.test.classes.Scenario4.Zerodha_TestClass1@783a467b]" started-at="2021-06-23T15:52:42 IST" name="creatObject" finished-at="2021-06-23T15:52:42 IST" duration-ms="27" status="PASS">
          <reporter-output>
          </reporter-output>
        </test-method> <!-- creatObject -->
        <test-method is-config="true" signature="loginToUserAccount()[pri:0, instance:zerodha.com.test.classes.Scenario4.Zerodha_TestClass1@783a467b]" started-at="2021-06-23T15:52:42 IST" name="loginToUserAccount" finished-at="2021-06-23T15:52:45 IST" duration-ms="3080" status="PASS">
          <reporter-output>
          </reporter-output>
        </test-method> <!-- loginToUserAccount -->
        <test-method signature="VerifyMarketOrder()[pri:0, instance:zerodha.com.test.classes.Scenario4.Zerodha_TestClass1@783a467b]" started-at="2021-06-23T15:52:45 IST" name="VerifyMarketOrder" finished-at="2021-06-23T15:52:50 IST" duration-ms="4726" status="PASS">
          <reporter-output>
          </reporter-output>
        </test-method> <!-- VerifyMarketOrder -->
        <test-method is-config="true" signature="LogoutAccount(org.testng.ITestResult)[pri:0, instance:zerodha.com.test.classes.Scenario4.Zerodha_TestClass1@783a467b]" started-at="2021-06-23T15:52:50 IST" name="LogoutAccount" finished-at="2021-06-23T15:52:55 IST" duration-ms="4299" status="PASS">
          <params>
            <param index="0">
              <value>
                <![CDATA[[TestResult name=VerifyMarketOrder status=SUCCESS method=Zerodha_TestClass1.VerifyMarketOrder()[pri:0, instance:zerodha.com.test.classes.Scenario4.Zerodha_TestClass1@783a467b] output={null}]]]>
              </value>
            </param>
          </params>
          <reporter-output>
          </reporter-output>
        </test-method> <!-- LogoutAccount -->
        <test-method is-config="true" signature="clearObjects()[pri:0, instance:zerodha.com.test.classes.Scenario4.Zerodha_TestClass1@783a467b]" started-at="2021-06-23T15:52:55 IST" name="clearObjects" finished-at="2021-06-23T15:52:55 IST" duration-ms="1" status="PASS">
          <reporter-output>
          </reporter-output>
        </test-method> <!-- clearObjects -->
        <test-method is-config="true" signature="closeBrowserChrome()[pri:0, instance:zerodha.com.test.classes.Scenario4.Zerodha_TestClass1@783a467b]" started-at="2021-06-23T15:52:55 IST" name="closeBrowserChrome" finished-at="2021-06-23T15:52:55 IST" duration-ms="629" status="PASS">
          <reporter-output>
          </reporter-output>
        </test-method> <!-- closeBrowserChrome -->
      </class> <!-- zerodha.com.test.classes.Scenario4.Zerodha_TestClass1 -->
    </test> <!-- ChromeTest -->
    <test started-at="2021-06-23T15:52:55 IST" name="FirefoxTest" finished-at="2021-06-23T15:53:14 IST" duration-ms="19248">
      <class name="zerodha.com.test.classes.Scenario4.Zerodha_TestClass1">
        <test-method is-config="true" signature="launchBrowser(java.lang.String)[pri:0, instance:zerodha.com.test.classes.Scenario4.Zerodha_TestClass1@26d9b808]" started-at="2021-06-23T15:52:55 IST" name="launchBrowser" finished-at="2021-06-23T15:52:59 IST" duration-ms="4281" status="PASS">
          <params>
            <param index="0">
              <value>
                <![CDATA[Firefox]]>
              </value>
            </param>
          </params>
          <reporter-output>
          </reporter-output>
        </test-method> <!-- launchBrowser -->
        <test-method is-config="true" signature="creatObject()[pri:0, instance:zerodha.com.test.classes.Scenario4.Zerodha_TestClass1@26d9b808]" started-at="2021-06-23T15:52:59 IST" name="creatObject" finished-at="2021-06-23T15:52:59 IST" duration-ms="0" status="PASS">
          <reporter-output>
          </reporter-output>
        </test-method> <!-- creatObject -->
        <test-method is-config="true" signature="loginToUserAccount()[pri:0, instance:zerodha.com.test.classes.Scenario4.Zerodha_TestClass1@26d9b808]" started-at="2021-06-23T15:52:59 IST" name="loginToUserAccount" finished-at="2021-06-23T15:53:04 IST" duration-ms="4142" status="PASS">
          <reporter-output>
          </reporter-output>
        </test-method> <!-- loginToUserAccount -->
        <test-method signature="VerifyMarketOrder()[pri:0, instance:zerodha.com.test.classes.Scenario4.Zerodha_TestClass1@26d9b808]" started-at="2021-06-23T15:53:04 IST" name="VerifyMarketOrder" finished-at="2021-06-23T15:53:09 IST" duration-ms="5581" status="PASS">
          <reporter-output>
          </reporter-output>
        </test-method> <!-- VerifyMarketOrder -->
        <test-method is-config="true" signature="LogoutAccount(org.testng.ITestResult)[pri:0, instance:zerodha.com.test.classes.Scenario4.Zerodha_TestClass1@26d9b808]" started-at="2021-06-23T15:53:09 IST" name="LogoutAccount" finished-at="2021-06-23T15:53:14 IST" duration-ms="4656" status="PASS">
          <params>
            <param index="0">
              <value>
                <![CDATA[[TestResult name=VerifyMarketOrder status=SUCCESS method=Zerodha_TestClass1.VerifyMarketOrder()[pri:0, instance:zerodha.com.test.classes.Scenario4.Zerodha_TestClass1@26d9b808] output={null}]]]>
              </value>
            </param>
          </params>
          <reporter-output>
          </reporter-output>
        </test-method> <!-- LogoutAccount -->
        <test-method is-config="true" signature="clearObjects()[pri:0, instance:zerodha.com.test.classes.Scenario4.Zerodha_TestClass1@26d9b808]" started-at="2021-06-23T15:53:14 IST" name="clearObjects" finished-at="2021-06-23T15:53:14 IST" duration-ms="0" status="PASS">
          <reporter-output>
          </reporter-output>
        </test-method> <!-- clearObjects -->
        <test-method is-config="true" signature="closeBrowserChrome()[pri:0, instance:zerodha.com.test.classes.Scenario4.Zerodha_TestClass1@26d9b808]" started-at="2021-06-23T15:53:14 IST" name="closeBrowserChrome" finished-at="2021-06-23T15:53:14 IST" duration-ms="586" status="PASS">
          <reporter-output>
          </reporter-output>
        </test-method> <!-- closeBrowserChrome -->
      </class> <!-- zerodha.com.test.classes.Scenario4.Zerodha_TestClass1 -->
    </test> <!-- FirefoxTest -->
  </suite> <!-- Suite -->
</testng-results>
